[05-Feb-2020 07:42:49 Europe/Berlin] PHP Warning:  include(proizvod.php): failed to open stream: No such file or directory in C:\xampp\htdocs\agencija\viewer\welcome.php on line 87
[05-Feb-2020 07:42:49 Europe/Berlin] PHP Warning:  include(): Failed opening 'proizvod.php' for inclusion (include_path='C:\xampp\php\PEAR') in C:\xampp\htdocs\agencija\viewer\welcome.php on line 87
[05-Feb-2020 07:42:49 Europe/Berlin] PHP Fatal error:  Uncaught Error: Class 'Proizvod' not found in C:\xampp\htdocs\agencija\viewer\welcome.php:88
Stack trace:
#0 {main}
  thrown in C:\xampp\htdocs\agencija\viewer\welcome.php on line 88
[05-Feb-2020 07:57:48 Europe/Berlin] PHP Warning:  require(user.php): failed to open stream: No such file or directory in C:\xampp\htdocs\agencija\viewer\login.php on line 7
[05-Feb-2020 07:57:48 Europe/Berlin] PHP Fatal error:  require(): Failed opening required 'user.php' (include_path='C:\xampp\php\PEAR') in C:\xampp\htdocs\agencija\viewer\login.php on line 7
[05-Feb-2020 07:58:34 Europe/Berlin] PHP Warning:  require(user.php): failed to open stream: No such file or directory in C:\xampp\htdocs\agencija\viewer\login.php on line 7
[05-Feb-2020 07:58:34 Europe/Berlin] PHP Fatal error:  require(): Failed opening required 'user.php' (include_path='C:\xampp\php\PEAR') in C:\xampp\htdocs\agencija\viewer\login.php on line 7
[05-Feb-2020 07:59:00 Europe/Berlin] PHP Warning:  require(user.php): failed to open stream: No such file or directory in C:\xampp\htdocs\agencija\viewer\login.php on line 7
[05-Feb-2020 07:59:00 Europe/Berlin] PHP Fatal error:  require(): Failed opening required 'user.php' (include_path='C:\xampp\php\PEAR') in C:\xampp\htdocs\agencija\viewer\login.php on line 7
[05-Feb-2020 08:04:00 Europe/Berlin] PHP Warning:  mysqli_fetch_assoc() expects parameter 1 to be mysqli_result, bool given in C:\xampp\htdocs\agencija\viewer\cart.php on line 110
[05-Feb-2020 10:50:05 Europe/Berlin] PHP Warning:  mysqli_fetch_assoc() expects parameter 1 to be mysqli_result, boolean given in C:\xampp\htdocs\agencija\agencija\viewer\cart.php on line 110
[05-Feb-2020 10:50:12 Europe/Berlin] PHP Warning:  mysqli_fetch_assoc() expects parameter 1 to be mysqli_result, boolean given in C:\xampp\htdocs\agencija\agencija\viewer\zavrsiKupovinu.php on line 107
[05-Feb-2020 11:01:28 Europe/Berlin] PHP Warning:  mysqli_fetch_assoc() expects parameter 1 to be mysqli_result, boolean given in C:\xampp\htdocs\agencija\agencija\viewer\cart.php on line 110
[05-Feb-2020 11:01:31 Europe/Berlin] PHP Warning:  mysqli_fetch_assoc() expects parameter 1 to be mysqli_result, boolean given in C:\xampp\htdocs\agencija\agencija\viewer\cart.php on line 110
[05-Feb-2020 11:01:33 Europe/Berlin] PHP Warning:  mysqli_fetch_assoc() expects parameter 1 to be mysqli_result, boolean given in C:\xampp\htdocs\agencija\agencija\viewer\cart.php on line 110
[05-Feb-2020 11:01:35 Europe/Berlin] PHP Warning:  mysqli_fetch_assoc() expects parameter 1 to be mysqli_result, boolean given in C:\xampp\htdocs\agencija\agencija\viewer\zavrsiKupovinu.php on line 107
[05-Feb-2020 11:02:35 Europe/Berlin] PHP Warning:  mysqli_fetch_assoc() expects parameter 1 to be mysqli_result, boolean given in C:\xampp\htdocs\agencija\agencija\viewer\zavrsiKupovinu.php on line 107
[05-Feb-2020 11:03:47 Europe/Berlin] PHP Warning:  mysqli_fetch_assoc() expects parameter 1 to be mysqli_result, boolean given in C:\xampp\htdocs\agencija\agencija\viewer\zavrsiKupovinu.php on line 107
[05-Feb-2020 11:04:07 Europe/Berlin] PHP Warning:  mysqli_fetch_assoc() expects parameter 1 to be mysqli_result, boolean given in C:\xampp\htdocs\agencija\agencija\viewer\cart.php on line 110
[05-Feb-2020 11:05:58 Europe/Berlin] PHP Notice:  Undefined index: kategorija in C:\xampp\htdocs\agencija\agencija\viewer\admin.php on line 8
[05-Feb-2020 11:06:04 Europe/Berlin] PHP Warning:  mysqli_fetch_assoc() expects parameter 1 to be mysqli_result, boolean given in C:\xampp\htdocs\agencija\agencija\viewer\cart.php on line 110
[05-Feb-2020 11:06:41 Europe/Berlin] PHP Warning:  mysqli_fetch_assoc() expects parameter 1 to be mysqli_result, boolean given in C:\xampp\htdocs\agencija\agencija\viewer\cart.php on line 110
[05-Feb-2020 11:06:45 Europe/Berlin] PHP Warning:  mysqli_fetch_assoc() expects parameter 1 to be mysqli_result, boolean given in C:\xampp\htdocs\agencija\agencija\viewer\cart.php on line 110
[05-Feb-2020 11:07:10 Europe/Berlin] PHP Warning:  mysqli_fetch_assoc() expects parameter 1 to be mysqli_result, boolean given in C:\xampp\htdocs\agencija\agencija\viewer\cart.php on line 110
[05-Feb-2020 11:08:19 Europe/Berlin] PHP Notice:  Undefined index: kategorija in C:\xampp\htdocs\agencija\agencija\viewer\admin.php on line 8
[05-Feb-2020 11:08:34 Europe/Berlin] PHP Warning:  mysqli_fetch_assoc() expects parameter 1 to be mysqli_result, boolean given in C:\xampp\htdocs\agencija\agencija\viewer\cart.php on line 110
[05-Feb-2020 11:17:00 Europe/Berlin] PHP Notice:  Undefined index: kategorija in C:\xampp\htdocs\agencija\agencija\viewer\admin.php on line 8
[05-Feb-2020 11:17:29 Europe/Berlin] PHP Notice:  Undefined index: izmenaProizvod in C:\xampp\htdocs\agencija\agencija\viewer\admin.php on line 23
[05-Feb-2020 11:17:35 Europe/Berlin] PHP Warning:  mysqli_fetch_assoc() expects parameter 1 to be mysqli_result, boolean given in C:\xampp\htdocs\agencija\agencija\viewer\cart.php on line 110
[05-Feb-2020 11:17:38 Europe/Berlin] PHP Warning:  mysqli_fetch_assoc() expects parameter 1 to be mysqli_result, boolean given in C:\xampp\htdocs\agencija\agencija\viewer\cart.php on line 110
[05-Feb-2020 11:17:41 Europe/Berlin] PHP Warning:  mysqli_fetch_assoc() expects parameter 1 to be mysqli_result, boolean given in C:\xampp\htdocs\agencija\agencija\viewer\cart.php on line 110
[05-Feb-2020 11:20:10 Europe/Berlin] PHP Warning:  mysqli_fetch_assoc() expects parameter 1 to be mysqli_result, boolean given in C:\xampp\htdocs\agencija\agencija\viewer\cart.php on line 110
[05-Feb-2020 11:20:15 Europe/Berlin] PHP Warning:  mysqli_fetch_assoc() expects parameter 1 to be mysqli_result, boolean given in C:\xampp\htdocs\agencija\agencija\viewer\zavrsiKupovinu.php on line 107
[05-Feb-2020 11:20:23 Europe/Berlin] PHP Warning:  mysqli_fetch_assoc() expects parameter 1 to be mysqli_result, boolean given in C:\xampp\htdocs\agencija\agencija\viewer\cart.php on line 110
[05-Feb-2020 11:21:21 Europe/Berlin] PHP Warning:  mysqli_fetch_assoc() expects parameter 1 to be mysqli_result, boolean given in C:\xampp\htdocs\agencija\agencija\viewer\cart.php on line 110
[05-Feb-2020 11:22:11 Europe/Berlin] PHP Warning:  mysqli_fetch_assoc() expects parameter 1 to be mysqli_result, boolean given in C:\xampp\htdocs\agencija\agencija\viewer\cart.php on line 110
[05-Feb-2020 11:22:13 Europe/Berlin] PHP Warning:  mysqli_fetch_assoc() expects parameter 1 to be mysqli_result, boolean given in C:\xampp\htdocs\agencija\agencija\viewer\zavrsiKupovinu.php on line 107
[05-Feb-2020 11:23:14 Europe/Berlin] PHP Warning:  mysqli_fetch_assoc() expects parameter 1 to be mysqli_result, boolean given in C:\xampp\htdocs\agencija\agencija\viewer\cart.php on line 110
[05-Feb-2020 11:29:28 Europe/Berlin] PHP Warning:  mysqli_fetch_assoc() expects parameter 1 to be mysqli_result, boolean given in C:\xampp\htdocs\agencija\agencija\viewer\cart.php on line 110
[05-Feb-2020 11:29:36 Europe/Berlin] PHP Warning:  mysqli_fetch_assoc() expects parameter 1 to be mysqli_result, boolean given in C:\xampp\htdocs\agencija\agencija\viewer\zavrsiKupovinu.php on line 107
[05-Feb-2020 11:58:49 Europe/Berlin] PHP Warning:  mysqli_fetch_assoc() expects parameter 1 to be mysqli_result, boolean given in C:\xampp\htdocs\agencija\viewer\zavrsiKupovinu.php on line 107
[05-Feb-2020 11:58:49 Europe/Berlin] PHP Warning:  mysqli_fetch_assoc() expects parameter 1 to be mysqli_result, boolean given in C:\xampp\htdocs\agencija\viewer\cart.php on line 110
[05-Feb-2020 11:58:50 Europe/Berlin] PHP Warning:  mysqli_fetch_assoc() expects parameter 1 to be mysqli_result, boolean given in C:\xampp\htdocs\agencija\viewer\cart.php on line 110
[05-Feb-2020 11:59:17 Europe/Berlin] PHP Warning:  mysqli_fetch_assoc() expects parameter 1 to be mysqli_result, boolean given in C:\xampp\htdocs\agencija\viewer\cart.php on line 110
[05-Feb-2020 11:59:18 Europe/Berlin] PHP Warning:  mysqli_fetch_assoc() expects parameter 1 to be mysqli_result, boolean given in C:\xampp\htdocs\agencija\viewer\cart.php on line 110
[05-Feb-2020 12:07:06 Europe/Berlin] PHP Warning:  mysqli_fetch_assoc() expects parameter 1 to be mysqli_result, boolean given in C:\xampp\htdocs\agencija\viewer\cart.php on line 110
[05-Feb-2020 12:07:20 Europe/Berlin] PHP Warning:  mysqli_fetch_assoc() expects parameter 1 to be mysqli_result, boolean given in C:\xampp\htdocs\agencija\viewer\cart.php on line 110
[05-Feb-2020 12:07:22 Europe/Berlin] PHP Warning:  mysqli_fetch_assoc() expects parameter 1 to be mysqli_result, boolean given in C:\xampp\htdocs\agencija\viewer\zavrsiKupovinu.php on line 107
[05-Feb-2020 12:07:30 Europe/Berlin] PHP Warning:  mysqli_fetch_assoc() expects parameter 1 to be mysqli_result, boolean given in C:\xampp\htdocs\agencija\viewer\cart.php on line 110
[05-Feb-2020 12:07:31 Europe/Berlin] PHP Warning:  mysqli_fetch_assoc() expects parameter 1 to be mysqli_result, boolean given in C:\xampp\htdocs\agencija\viewer\cart.php on line 110
[05-Feb-2020 12:07:33 Europe/Berlin] PHP Warning:  mysqli_fetch_assoc() expects parameter 1 to be mysqli_result, boolean given in C:\xampp\htdocs\agencija\viewer\zavrsiKupovinu.php on line 107
[05-Feb-2020 12:07:34 Europe/Berlin] PHP Warning:  mysqli_fetch_assoc() expects parameter 1 to be mysqli_result, boolean given in C:\xampp\htdocs\agencija\viewer\cart.php on line 110
[05-Feb-2020 12:07:36 Europe/Berlin] PHP Warning:  mysqli_fetch_assoc() expects parameter 1 to be mysqli_result, boolean given in C:\xampp\htdocs\agencija\viewer\cart.php on line 110
[05-Feb-2020 12:09:39 Europe/Berlin] PHP Warning:  mysqli_fetch_assoc() expects parameter 1 to be mysqli_result, boolean given in C:\xampp\htdocs\agencija\viewer\cart.php on line 110
[05-Feb-2020 15:45:54 Europe/Berlin] PHP Warning:  mysqli_fetch_assoc() expects parameter 1 to be mysqli_result, boolean given in C:\xampp\htdocs\agencija\viewer\cart.php on line 110
[06-Feb-2020 18:12:58 Europe/Berlin] PHP Warning:  mysqli_fetch_assoc() expects parameter 1 to be mysqli_result, boolean given in C:\xampp\htdocs\agencija\viewer\cart.php on line 110
